Log file open, 01/07/18 02:43:57
LogInit:Display: Running engine for game: AIProject2
LogPlatformFile: Not using cached read wrapper
LogInit:Display: RandInit(1180498026) SRandInit(1180498026).
LogTaskGraph: Started task graph with 5 named threads and 6 total threads with 1 sets of task threads.
LogStats: Stats thread started at 0.111543
LogInit: Using libcurl 7.47.1
LogInit:  - built for x86_64-pc-win32
LogInit:  - supports SSL with OpenSSL/1.0.2g
LogInit:  - supports HTTP deflate (compression) using libz 1.2.8
LogInit:  - other features:
LogInit:      CURL_VERSION_SSL
LogInit:      CURL_VERSION_LIBZ
LogInit:      CURL_VERSION_IPV6
LogInit:      CURL_VERSION_ASYNCHDNS
LogInit:      CURL_VERSION_LARGEFILE
LogInit:      CURL_VERSION_IDN
LogInit:  CurlRequestOptions (configurable via config and command line):
LogInit:  - bVerifyPeer = false  - Libcurl will NOT verify peer certificate
LogInit:  - bUseHttpProxy = false  - Libcurl will NOT use HTTP proxy
LogInit:  - bDontReuseConnections = false  - Libcurl will reuse connections
LogInit:  - CertBundlePath = nullptr  - Libcurl will use whatever was configured at build time.
LogInit: Build: ++UE4+Release-4.16-CL-3561208
LogInit: Engine Version: 4.16.3-3561208+++UE4+Release-4.16
LogInit: Compatible Engine Version: 4.16.0-3452394+++UE4+Release-4.16
LogInit: Net CL: 3452394
LogDevObjectVersion: Number of dev versions registered: 16
LogDevObjectVersion:   Dev-Blueprints (B0D832E4-1F89-4F0D-ACCF-7EB736FD4AA2): 9
LogDevObjectVersion:   Dev-Build (E1C64328-A22C-4D53-A36C-8E866417BD8C): 0
LogDevObjectVersion:   Dev-Core (375EC13C-06E4-48FB-B500-84F0262A717E): 2
LogDevObjectVersion:   Dev-Editor (E4B068ED-F494-42E9-A231-DA0B2E46BB41): 17
LogDevObjectVersion:   Dev-Framework (CFFC743F-43B0-4480-9391-14DF171D2073): 23
LogDevObjectVersion:   Dev-Mobile (B02B49B5-BB20-44E9-A304-32B752E40360): 0
LogDevObjectVersion:   Dev-Networking (A4E4105C-59A1-49B5-A7C5-40C4547EDFEE): 0
LogDevObjectVersion:   Dev-Online (39C831C9-5AE6-47DC-9A44-9C173E1C8E7C): 0
LogDevObjectVersion:   Dev-Physics (78F01B33-EBEA-4F98-B9B4-84EACCB95AA2): 0
LogDevObjectVersion:   Dev-Platform (6631380F-2D4D-43E0-8009-CF276956A95A): 0
LogDevObjectVersion:   Dev-Rendering (12F88B9F-8875-4AFC-A67C-D90C383ABD29): 15
LogDevObjectVersion:   Dev-Sequencer (7B5AE74C-D270-4C10-A958-57980B212A5A): 4
LogDevObjectVersion:   Dev-VR (D7296918-1DD6-4BDD-9DE2-64A83CC13884): 0
LogDevObjectVersion:   Dev-LoadTimes (C2A15278-BFE7-4AFE-6C17-90FF531DF755): 1
LogDevObjectVersion:   Private-Geometry (6EACA3D4-40EC-4CC1-B786-8BED09428FC5): 1
LogDevObjectVersion:   Dev-AnimPhys (29E575DD-E0A3-4627-9D10-D276232CDCEA): 3
LogInit: Compiled (64-bit): Jul 28 2017 11:49:47
LogInit: Compiled with Visual C++: 19.00.24215.01
LogInit: Build Configuration: Development
LogInit: Branch Name: ++UE4+Release-4.16
LogInit: Command line:  
LogInit: Base directory: C:/Main/VGCreation/UE_4.16/Engine/Binaries/Win64/
LogInit: Installed Engine Build: 1
LogInit: Presizing for max 8388607 objects, including 0 objects not considered by GC, pre-allocating 0 bytes for permanent pool.
LogInit: Object subsystem initialized
[2018.01.07-09.43.59:769][  0]LogInit: Selected Device Profile: [Windows]
[2018.01.07-09.43.59:769][  0]LogInit: Applying CVar settings loaded from the selected device profile: [Windows]
[2018.01.07-09.43.59:977][  0]LogInit: Computer: DESKTOP-8FH9AKM
[2018.01.07-09.43.59:978][  0]LogInit: User: farra
[2018.01.07-09.43.59:978][  0]LogInit: CPU Page size=4096, Cores=2
[2018.01.07-09.43.59:978][  0]LogInit: High frequency timer resolution =2.343752 MHz
[2018.01.07-09.43.59:978][  0]LogMemory: Memory total: Physical=5.9GB (6GB approx)
[2018.01.07-09.43.59:978][  0]LogMemory: Platform Memory Stats for Windows
[2018.01.07-09.43.59:978][  0]LogMemory: Process Physical Memory: 272.72 MB used, 272.72 MB peak
[2018.01.07-09.43.59:978][  0]LogMemory: Process Virtual Memory: 258.52 MB used, 258.52 MB peak
[2018.01.07-09.43.59:978][  0]LogMemory: Physical Memory: 3405.19 MB used,  2636.21 MB free, 6041.41 MB total
[2018.01.07-09.43.59:978][  0]LogMemory: Virtual Memory: 667.62 MB used,  2636.21 MB free, 134217728.00 MB total
[2018.01.07-09.44.01:478][  0]LogInit: Using OS detected language (en-US).
[2018.01.07-09.44.01:478][  0]LogInit: Using OS detected locale (en-CA).
[2018.01.07-09.44.01:854][  0]LogTextLocalizationManager: No specific localization for 'en-US' exists, so the 'en' localization will be used.
[2018.01.07-09.44.15:324][  0]LogD3D11RHI: D3D11 adapters:
[2018.01.07-09.44.15:403][  0]LogD3D11RHI:    0. 'Intel(R) HD Graphics 520' (Feature Level 11_0)
[2018.01.07-09.44.15:403][  0]LogD3D11RHI:       128/0/3020 MB DedicatedVideo/DedicatedSystem/SharedSystem, Outputs:1, VendorId:0x8086
[2018.01.07-09.44.15:406][  0]LogD3D11RHI:    1. 'Microsoft Basic Render Driver' (Feature Level 11_0)
[2018.01.07-09.44.15:406][  0]LogD3D11RHI:       0/0/3020 MB DedicatedVideo/DedicatedSystem/SharedSystem, Outputs:0, VendorId:0x1414
[2018.01.07-09.44.15:406][  0]LogD3D11RHI: Chosen D3D11 Adapter: 0
[2018.01.07-09.44.15:419][  0]LogD3D11RHI: Creating new Direct3DDevice
[2018.01.07-09.44.15:419][  0]LogD3D11RHI:     GPU DeviceId: 0x1916 (for the marketing name, search the web for "GPU Device Id")
[2018.01.07-09.44.15:419][  0]LogWindows: EnumDisplayDevices:
[2018.01.07-09.44.15:420][  0]LogWindows:    0. 'Intel(R) HD Graphics 520' (P:1 D:1)
[2018.01.07-09.44.15:420][  0]LogWindows:    1. 'Intel(R) HD Graphics 520' (P:0 D:0)
[2018.01.07-09.44.15:420][  0]LogWindows:    2. 'Intel(R) HD Graphics 520' (P:0 D:0)
[2018.01.07-09.44.15:420][  0]LogWindows: DebugString: GetVideoDriverDetailsInvalid PrimaryIsNotTheChoosenAdapter GetVideoDriverDetailsInvalid PrimaryIsNotTheChoosenAdapter GetVideoDriverDetailsInvalid PrimaryIsNotTheChoosenAdapter FoundDriverCount:0 
[2018.01.07-09.44.15:420][  0]LogD3D11RHI:     Adapter Name: Intel(R) HD Graphics 520
[2018.01.07-09.44.15:420][  0]LogD3D11RHI:   Driver Version: Unknown (internal:Unknown, unified:Unknown)
[2018.01.07-09.44.15:420][  0]LogD3D11RHI:      Driver Date: Unknown
[2018.01.07-09.44.15:420][  0]LogRHI: Texture pool is 1146 MB (70% of 1638 MB)
[2018.01.07-09.44.15:468][  0]LogD3D11RHI: Async texture creation enabled
[2018.01.07-09.44.15:602][  0]LogD3D11RHI: GPU Timing Frequency: 12.000000 (Debug: 2 0)
[2018.01.07-09.44.15:650][  0]LogShaderCompilers: Guid format shader working directory is 6 characters bigger than the processId version (../../../../../UnrealProjects/AIProject2/Intermediate/Shaders/WorkingDirectory/6680/).
[2018.01.07-09.44.15:650][  0]LogShaderCompilers: Cleaned the shader compiler working directory 'C:/Users/farra/AppData/Local/Temp/UnrealShaderWorkingDir/6D2587684AF44CA10BA37BB51C7AE703/'.
[2018.01.07-09.44.15:650][  0]LogShaderCompilers:Display: Using Local Shader Compiler.
[2018.01.07-09.44.29:915][  0]LogTemp:Display: Loaded TP AllDesktopTargetPlatform
[2018.01.07-09.44.30:021][  0]LogTemp:Display: Loaded TP MacClientTargetPlatform
[2018.01.07-09.44.30:127][  0]LogTemp:Display: Loaded TP MacNoEditorTargetPlatform
[2018.01.07-09.44.30:230][  0]LogTemp:Display: Loaded TP MacServerTargetPlatform
[2018.01.07-09.44.30:502][  0]LogTemp:Display: Loaded TP MacTargetPlatform
[2018.01.07-09.44.30:645][  0]LogTemp:Display: Loaded TP WindowsClientTargetPlatform
[2018.01.07-09.44.30:776][  0]LogTemp:Display: Loaded TP WindowsNoEditorTargetPlatform
[2018.01.07-09.44.30:896][  0]LogTemp:Display: Loaded TP WindowsServerTargetPlatform
[2018.01.07-09.44.30:995][  0]LogTemp:Display: Loaded TP WindowsTargetPlatform
[2018.01.07-09.44.31:122][  0]LogTemp:Display: Loaded TP AndroidTargetPlatform
[2018.01.07-09.44.31:213][  0]LogTemp:Display: Loaded TP Android_ASTCTargetPlatform
[2018.01.07-09.44.31:299][  0]LogTemp:Display: Loaded TP Android_ATCTargetPlatform
[2018.01.07-09.44.31:386][  0]LogTemp:Display: Loaded TP Android_DXTTargetPlatform
[2018.01.07-09.44.31:463][  0]LogTemp:Display: Loaded TP Android_ETC1TargetPlatform
[2018.01.07-09.44.31:541][  0]LogTemp:Display: Loaded TP Android_ETC2TargetPlatform
[2018.01.07-09.44.31:724][  0]LogTemp:Display: Loaded TP Android_MultiTargetPlatform
[2018.01.07-09.44.31:724][  0]LogTemp:Display: Loaded TP Android_PVRTCTargetPlatform
[2018.01.07-09.44.31:805][  0]LogTemp:Display: Loaded TP HTML5TargetPlatform
[2018.01.07-09.44.32:019][  0]LogTemp:Display: Loaded TP IOSTargetPlatform
[2018.01.07-09.44.32:074][  0]LogTemp:Display: Loaded TP TVOSTargetPlatform
[2018.01.07-09.44.32:176][  0]LogTemp:Display: Loaded TP LinuxClientTargetPlatform
[2018.01.07-09.44.32:270][  0]LogTemp:Display: Loaded TP LinuxNoEditorTargetPlatform
[2018.01.07-09.44.32:372][  0]LogTemp:Display: Loaded TP LinuxServerTargetPlatform
[2018.01.07-09.44.32:550][  0]LogTemp:Display: Loaded TP LinuxTargetPlatform
[2018.01.07-09.44.32:550][  0]LogTargetPlatformManager:Display: Building Assets For Windows
[2018.01.07-09.44.34:281][  0]LogDerivedDataCache:Display: Max Cache Size: 512 MB
[2018.01.07-09.44.35:836][  0]LogDerivedDataCache: Loaded boot cache 1.54s 90MB C:/Users/farra/AppData/Local/UnrealEngine/4.16/DerivedDataCache/Boot.ddc.
[2018.01.07-09.44.35:837][  0]LogDerivedDataCache:Display: Loaded Boot cache: C:/Users/farra/AppData/Local/UnrealEngine/4.16/DerivedDataCache/Boot.ddc
[2018.01.07-09.44.35:837][  0]LogDerivedDataCache: FDerivedDataBackendGraph:  Pak pak cache file ../../../../../UnrealProjects/AIProject2/DerivedDataCache/DDC.ddp not found, will not use a pak cache.
[2018.01.07-09.44.35:837][  0]LogDerivedDataCache: Unable to find inner node Pak for hierarchical cache Hierarchy.
[2018.01.07-09.44.35:837][  0]LogDerivedDataCache: FDerivedDataBackendGraph:  CompressedPak pak cache file ../../../../../UnrealProjects/AIProject2/DerivedDataCache/Compressed.ddp not found, will not use a pak cache.
[2018.01.07-09.44.35:837][  0]LogDerivedDataCache: Unable to find inner node CompressedPak for hierarchical cache Hierarchy.
[2018.01.07-09.44.35:926][  0]LogDerivedDataCache:Display: Pak cache opened for reading ../../../Engine/DerivedDataCache/Compressed.ddp.
[2018.01.07-09.44.35:938][  0]LogDerivedDataCache: Using Local data cache path C:/Users/farra/AppData/Local/UnrealEngine/Common/DerivedDataCache: Writable
[2018.01.07-09.44.35:953][  0]LogMaterial: Verifying Global Shaders for PCD3D_SM5
[2018.01.07-09.44.35:992][  0]LogSlate: Using Freetype 2.6.0
[2018.01.07-09.44.36:084][  0]LogSlate: SlateFontCache - WITH_FREETYPE: 1, WITH_HARFBUZZ: 1
[2018.01.07-09.44.36:084][  0]LogSlate: SlateFontCache - WITH_FREETYPE: 1, WITH_HARFBUZZ: 1
[2018.01.07-09.44.47:078][  0]LogInit: Selected Device Profile: [Windows]
[2018.01.07-09.44.47:612][  0]LogContentStreaming: Texture pool size is 0.00 MB
[2018.01.07-09.44.48:381][  0]LogMeshUtilities: Using QuadricMeshReduction for automatic static mesh reduction
[2018.01.07-09.44.48:502][  0]LogSimplygon: Simplygon DLL not present - disabling.
[2018.01.07-09.44.48:673][  0]LogMeshUtilities: Using SimplygonSwarm for distributed automatic mesh merging
[2018.01.07-09.44.48:673][  0]LogMeshUtilities: No automatic skeletal mesh reduction module available
[2018.01.07-09.44.48:673][  0]LogMeshUtilities: No automatic mesh merging module available
[2018.01.07-09.44.57:837][  0]LogNetVersion: AIProject2 , NetCL: 3452394, EngineNetVer: 2, GameNetVer: 0 (Checksum: 3952390629)
[2018.01.07-09.44.58:341][  0]LogAssetRegistry: FAssetRegistry took 0.0395 seconds to start up
[2018.01.07-09.44.58:623][  0]LogAssetRegistry:Error: Failed to open file for write ../../../../../UnrealProjects/AIProject2/Intermediate/AssetRegistryCache/5a627529.bin
[2018.01.07-09.44.58:822][  0]LogPackageLocalizationCache: Processed 4 localized package path(s) for 2 prioritized culture(s) in 0.308730 seconds
[2018.01.07-09.44.58:834][  0]LogUObjectArray: 34194 objects as part of root set at end of initial load.
[2018.01.07-09.44.58:834][  0]LogUObjectAllocator: 7260424 out of 0 bytes used by permanent object pool.
[2018.01.07-09.44.58:834][  0]LogUObjectArray: CloseDisregardForGC: 0/0 objects in disregard for GC pool
[2018.01.07-09.44.59:032][  0]LogInit: WinSock: version 1.1 (2.2), MaxSocks=32767, MaxUdp=65467
[2018.01.07-09.45.55:817][  0]LogTcpMessaging: Initializing TcpMessaging bridge
[2018.01.07-09.45.55:959][  0]LogUdpMessaging: Initializing bridge on interface 0.0.0.0:0 to multicast group 230.0.0.1:6666.
[2018.01.07-09.46.02:716][  0]LogMaterial: Uniform references updated for custom material expression Custom.
[2018.01.07-09.46.04:336][  0]SourceControl: Info Source control is disabled
[2018.01.07-09.46.06:660][  0]SourceControl: Info Source control is disabled
[2018.01.07-09.46.07:703][  0]SourceControl: Info Source control is disabled
[2018.01.07-09.46.07:995][  0]SourceControl: Info Source control is disabled
[2018.01.07-09.46.19:079][  0]LogAndroidPermission: UAndroidPermissionCallbackProxy::GetInstance
[2018.01.07-09.46.23:443][  0]LogEngine: Initializing Engine...
[2018.01.07-09.46.23:576][  0]LogHMD: Failed to initialize OpenVR with code 110
[2018.01.07-09.46.25:624][  0]LogStats: UGameplayTagsManager::ConstructGameplayTagTree: Construct from data asset -  0.000 s
[2018.01.07-09.46.25:626][  0]LogStats: UGameplayTagsManager::ConstructGameplayTagTree: GameplayTagTreeChangedEvent.Broadcast -  0.000 s
[2018.01.07-09.46.32:734][  0]LogAIModule: Creating AISystem for world Untitled
[2018.01.07-09.46.34:820][  0]LogInit: XAudio2 using 'Speaker/HP (Realtek High Definition Audio)' : 2 channels at 48 kHz using 32 bits per sample (channel mask 0x3)
[2018.01.07-09.46.35:434][  0]LogInit: FAudioDevice initialized.
[2018.01.07-09.46.35:719][  0]LogDerivedDataCache: Saved boot cache 0.27s 90MB C:/Users/farra/AppData/Local/UnrealEngine/4.16/DerivedDataCache/Boot.ddc.
[2018.01.07-09.46.35:874][  0]LogInit: Texture streaming: Enabled
[2018.01.07-09.46.37:135][  0]LogEngineSessionManager: EngineSessionManager initialized
[2018.01.07-09.46.42:205][  0]LogInit: Transaction tracking system initialized
[2018.01.07-09.46.44:846][  0]BlueprintLog: New page: Editor Load
[2018.01.07-09.46.53:411][  0]LocalizationService: Info Localization service is disabled
[2018.01.07-09.46.57:772][  0]LogConsoleResponse:Display: 
[2018.01.07-09.47.07:626][  0]LogFileCache: Scanning file cache for directory 'C:/Main/UnrealProjects/AIProject2/Content/' took 0.13s
[2018.01.07-09.47.07:626][  0]LogCook:Display: Max memory allowance for cook 16384mb min free memory 0mb
[2018.01.07-09.47.07:648][  0]LogCook:Display: Mobile HDR setting 1
[2018.01.07-09.47.17:366][  0]SourceControl: Info Source control is disabled
[2018.01.07-09.47.17:583][  0]Cmd: MAP LOAD FILE="../../../../../UnrealProjects/AIProject2/Content/FirstPersonBP/Maps/FirstPersonExampleMap.umap" TEMPLATE=0 SHOWPROGRESS=1 FEATURELEVEL=3
[2018.01.07-09.47.17:980][  0]LightingResults: New page: Lighting Build
[2018.01.07-09.47.19:352][  0]MapCheck: New page: Map Check
[2018.01.07-09.47.19:352][  0]LightingResults: New page: Lighting Build
[2018.01.07-09.47.45:406][  0]LogAIModule: Creating AISystem for world FirstPersonExampleMap
[2018.01.07-09.47.48:091][  0]LogEditorServer: Finished looking for orphan Actors (0.003 secs)
[2018.01.07-09.47.48:620][  0]Cmd: MAP CHECKDEP NOCLEARLOG
[2018.01.07-09.47.49:112][  0]MapCheck: Info Map check complete: 0 Error(s), 0 Warning(s), took 485.032ms to complete.
[2018.01.07-09.47.49:112][  0]LogFileHelpers: Loading map 'FirstPersonExampleMap' took 31.664
[2018.01.07-09.47.53:950][  0]LogCollectionManager: Loaded 0 collections in 0.011428 seconds
[2018.01.07-09.47.54:526][  0]LogFileCache: Scanning file cache for directory 'C:/Main/UnrealProjects/AIProject2/Saved/Collections/' took 0.01s
[2018.01.07-09.47.54:527][  0]LogFileCache: Scanning file cache for directory 'C:/Main/UnrealProjects/AIProject2/Content/Developers/farra/Collections/' took 0.01s
[2018.01.07-09.47.54:527][  0]LogFileCache: Scanning file cache for directory 'C:/Main/UnrealProjects/AIProject2/Content/Collections/' took 0.01s
[2018.01.07-09.47.54:527][  0]LogCollectionManager: Rebuilt the GUID cache for 0 collections in 0.000005 seconds
[2018.01.07-09.47.54:596][  0]LogContentBrowser: Native class hierarchy populated in 0.0331 seconds. Added 2329 classes and 491 folders.
[2018.01.07-09.47.55:113][  0]LogContentBrowser: Native class hierarchy updated for 'WidgetCarousel' in 0.0010 seconds. Added 0 classes and 0 folders.
[2018.01.07-09.47.59:003][  0]LogContentBrowser: Native class hierarchy updated for 'AddContentDialog' in 0.0027 seconds. Added 0 classes and 0 folders.
[2018.01.07-09.47.59:192][  0]LogContentBrowser: Native class hierarchy updated for 'SceneOutliner' in 0.0011 seconds. Added 1 classes and 2 folders.
[2018.01.07-09.48.00:210][  0]LogCrashTracker: Crashtracker disabled due to settings.
[2018.01.07-09.48.00:652][  0]LogSlate: Took 0.051498 seconds to synchronously load lazily loaded font '../../../Engine/Content/Slate/Fonts/Roboto-Regular.ttf' (155K)
[2018.01.07-09.48.00:707][  0]LogSlate: Took 0.024260 seconds to synchronously load lazily loaded font '../../../Engine/Content/Slate/Fonts/Roboto-Bold.ttf' (160K)
[2018.01.07-09.48.00:807][  0]LogSlate: Took 0.013980 seconds to synchronously load lazily loaded font '../../../Engine/Content/Editor/Slate/Fonts/FontAwesome.ttf' (139K)
[2018.01.07-09.48.01:967][  0]LogRenderer: Reallocating scene render targets to support 536x364 NumSamples 1 (Frame:1).
[2018.01.07-09.48.09:769][  0]LogUObjectGlobals:Warning: Failed to find object 'Class None.'
[2018.01.07-09.48.12:175][  0]LogContentBrowser: Native class hierarchy updated for 'HierarchicalLODOutliner' in 0.0009 seconds. Added 1 classes and 2 folders.
[2018.01.07-09.48.12:175][  0]LogLoad: (Engine Initialization) Total time: 269.18 seconds
[2018.01.07-09.48.12:175][  0]LogLoad: (Engine Initialization) Total Blueprint compile time: 7.90 seconds
[2018.01.07-09.48.12:175][  0]LogExternalProfiler: Found external profiler: VSPerf
[2018.01.07-09.48.12:175][  0]LogExternalProfiler: Using external profiler: VSPerf
[2018.01.07-09.48.12:768][  0]LogOcInput: OculusInput pre-init called
[2018.01.07-09.48.12:768][  0]LogHMD: Starting GearVRController plugin
[2018.01.07-09.48.13:663][  0]LogContentStreaming: Texture pool size now 1000 MB
[2018.01.07-09.48.14:567][  0]LogWindowsTextInputMethodSystem:Display: IME system now deactivated.
[2018.01.07-09.48.14:567][  0]LogWindowsTextInputMethodSystem:Display: IME system now deactivated.
[2018.01.07-09.48.16:034][  1]Cmd: QUIT_EDITOR
[2018.01.07-09.48.16:823][  1]LogExit: Preparing to exit.
[2018.01.07-09.48.21:063][  1]LogDirectoryWatcher: A directory notification for 'C:/Main/UnrealProjects/AIProject2/Content/' was aborted.
[2018.01.07-09.48.21:925][  1]LogExit: Editor shut down
[2018.01.07-09.48.21:930][  1]LogExit: Transaction tracking system shut down
[2018.01.07-09.48.37:200][  1]LogObj: Freed 0b from 0 cluster array pools.
[2018.01.07-09.48.37:200][  1]LogExit: Object subsystem successfully closed.
[2018.01.07-09.48.38:079][  1]LogD3D11RHI: Shutdown
[2018.01.07-09.48.38:080][  1]LogD3D11RHI: CleanupD3DDevice
[2018.01.07-09.48.38:780][  1]LogD3D11RHI: ~FD3D11DynamicRHI
[2018.01.07-09.48.41:291][  1]LogModuleManager: Shutting down and abandoning module HierarchicalLODOutliner (524)
[2018.01.07-09.48.41:291][  1]LogModuleManager: Shutting down and abandoning module CrashTracker (522)
[2018.01.07-09.48.41:291][  1]LogModuleManager: Shutting down and abandoning module SceneOutliner (520)
[2018.01.07-09.48.41:318][  1]LogModuleManager: Shutting down and abandoning module AddContentDialog (518)
[2018.01.07-09.48.41:377][  1]LogDirectoryWatcher: A directory notification for 'C:/Main/VGCreation/UE_4.16/FeaturePacks/' was aborted.
[2018.01.07-09.48.41:400][  1]LogModuleManager: Shutting down and abandoning module WidgetCarousel (517)
[2018.01.07-09.48.41:400][  1]LogModuleManager: Shutting down and abandoning module EditorWidgets (514)
[2018.01.07-09.48.41:400][  1]LogModuleManager: Shutting down and abandoning module CollectionManager (512)
[2018.01.07-09.48.41:433][  1]LogDirectoryWatcher: A directory notification for 'C:/Main/UnrealProjects/AIProject2/Content/Collections/' was aborted.
[2018.01.07-09.48.41:433][  1]LogDirectoryWatcher: A directory notification for 'C:/Main/UnrealProjects/AIProject2/Content/Developers/farra/Collections/' was aborted.
[2018.01.07-09.48.41:433][  1]LogDirectoryWatcher: A directory notification for 'C:/Main/UnrealProjects/AIProject2/Saved/Collections/' was aborted.
[2018.01.07-09.48.41:433][  1]LogModuleManager: Shutting down and abandoning module StatsViewer (510)
[2018.01.07-09.48.41:463][  1]LogModuleManager: Shutting down and abandoning module FoliageEdit (508)
[2018.01.07-09.48.41:463][  1]LogModuleManager: Shutting down and abandoning module LandscapeEditor (506)
[2018.01.07-09.48.41:528][  1]LogModuleManager: Shutting down and abandoning module MeshPaintMode (504)
[2018.01.07-09.48.41:528][  1]LogModuleManager: Shutting down and abandoning module SceneDepthPickerMode (502)
[2018.01.07-09.48.41:528][  1]LogModuleManager: Shutting down and abandoning module ActorPickerMode (500)
[2018.01.07-09.48.41:528][  1]LogModuleManager: Shutting down and abandoning module GeometryMode (498)
[2018.01.07-09.48.41:528][  1]LogModuleManager: Shutting down and abandoning module TextureAlignMode (496)
[2018.01.07-09.48.41:528][  1]LogModuleManager: Shutting down and abandoning module BspMode (494)
[2018.01.07-09.48.41:550][  1]LogModuleManager: Shutting down and abandoning module HardwareSurvey (492)
[2018.01.07-09.48.41:578][  1]LogModuleManager: Shutting down and abandoning module SequenceRecorderSections (490)
[2018.01.07-09.48.41:607][  1]LogModuleManager: Shutting down and abandoning module AutomationWorker (488)
[2018.01.07-09.48.41:629][  1]LogModuleManager: Shutting down and abandoning module MatineeToLevelSequence (486)
[2018.01.07-09.48.41:650][  1]LogModuleManager: Shutting down and abandoning module LevelSequenceEditor (484)
[2018.01.07-09.48.41:816][  1]LogModuleManager: Shutting down and abandoning module PlacementMode (483)
[2018.01.07-09.48.41:816][  1]LogModuleManager: Shutting down and abandoning module WmfMediaFactory (480)
[2018.01.07-09.48.41:816][  1]LogModuleManager: Shutting down and abandoning module WmfMediaEditor (478)
[2018.01.07-09.48.41:816][  1]LogModuleManager: Shutting down and abandoning module AvfMediaFactory (476)
[2018.01.07-09.48.41:816][  1]LogModuleManager: Shutting down and abandoning module AvfMediaEditor (474)
[2018.01.07-09.48.41:816][  1]LogModuleManager: Shutting down and abandoning module AndroidMediaFactory (472)
[2018.01.07-09.48.41:816][  1]LogModuleManager: Shutting down and abandoning module Media (471)
[2018.01.07-09.48.41:816][  1]LogModuleManager: Shutting down and abandoning module AndroidMediaEditor (468)
[2018.01.07-09.48.41:816][  1]LogModuleManager: Shutting down and abandoning module CharacterAI (466)
[2018.01.07-09.48.41:816][  1]LogModuleManager: Shutting down and abandoning module AudioCapture (464)
[2018.01.07-09.48.41:816][  1]LogModuleManager: Shutting down and abandoning module SequenceRecorder (463)
[2018.01.07-09.48.41:877][  1]LogModuleManager: Shutting down and abandoning module SmartSnapping (460)
[2018.01.07-09.48.41:877][  1]LogModuleManager: Shutting down and abandoning module SessionServices (458)
[2018.01.07-09.48.41:877][  1]LogModuleManager: Shutting down and abandoning module ViewportSnapping (456)
[2018.01.07-09.48.41:877][  1]LogModuleManager: Shutting down and abandoning module ViewportInteraction (454)
[2018.01.07-09.48.41:877][  1]LogModuleManager: Shutting down and abandoning module ClothPainter (452)
[2018.01.07-09.48.41:989][  1]LogModuleManager: Shutting down and abandoning module LogVisualizer (450)
[2018.01.07-09.48.42:033][  1]LogModuleManager: Shutting down and abandoning module IntroTutorials (448)
[2018.01.07-09.48.42:122][  1]LogModuleManager: Shutting down and abandoning module GameProjectGeneration (447)
[2018.01.07-09.48.42:219][  1]LogModuleManager: Shutting down and abandoning module EditorLiveStreaming (444)
[2018.01.07-09.48.42:219][  1]LogModuleManager: Shutting down and abandoning module IOSPlatformEditor (442)
[2018.01.07-09.48.42:256][  1]LogModuleManager: Shutting down and abandoning module HTML5PlatformEditor (440)
[2018.01.07-09.48.42:256][  1]LogModuleManager: Shutting down and abandoning module AndroidPlatformEditor (438)
[2018.01.07-09.48.42:256][  1]LogModuleManager: Shutting down and abandoning module AndroidDeviceDetection (437)
[2018.01.07-09.48.43:148][  1]LogModuleManager: Shutting down and abandoning module IOSRuntimeSettings (434)
[2018.01.07-09.48.43:148][  1]LogModuleManager: Shutting down and abandoning module AndroidRuntimeSettings (432)
[2018.01.07-09.48.43:148][  1]LogModuleManager: Shutting down and abandoning module InputBindingEditor (430)
[2018.01.07-09.48.43:174][  1]LogModuleManager: Shutting down and abandoning module MergeActors (428)
[2018.01.07-09.48.43:186][  1]LogModuleManager: Shutting down and abandoning module SizeMap (426)
[2018.01.07-09.48.43:186][  1]LogModuleManager: Shutting down and abandoning module TreeMap (424)
[2018.01.07-09.48.43:198][  1]LogModuleManager: Shutting down and abandoning module ReferenceViewer (422)
[2018.01.07-09.48.43:214][  1]LogModuleManager: Shutting down and abandoning module LocalizationDashboard (420)
[2018.01.07-09.48.43:250][  1]LogModuleManager: Shutting down and abandoning module LocalizationService (419)
[2018.01.07-09.48.43:267][  1]LogModuleManager: Shutting down and abandoning module HardwareTargeting (416)
[2018.01.07-09.48.43:267][  1]LogModuleManager: Shutting down and abandoning module DeviceProfileEditor (414)
[2018.01.07-09.48.43:279][  1]LogModuleManager: Shutting down and abandoning module UndoHistory (412)
[2018.01.07-09.48.43:308][  1]LogModuleManager: Shutting down and abandoning module UserFeedback (410)
[2018.01.07-09.48.43:308][  1]LogModuleManager: Shutting down and abandoning module XmlParser (408)
[2018.01.07-09.48.43:340][  1]LogModuleManager: Shutting down and abandoning module Blutility (406)
[2018.01.07-09.48.43:364][  1]LogModuleManager: Shutting down and abandoning module ProjectSettingsViewer (404)
[2018.01.07-09.48.43:364][  1]LogModuleManager: Shutting down and abandoning module ProjectTargetPlatformEditor (403)
[2018.01.07-09.48.43:364][  1]LogModuleManager: Shutting down and abandoning module EditorSettingsViewer (400)
[2018.01.07-09.48.43:364][  1]LogModuleManager: Shutting down and abandoning module SettingsEditor (398)
[2018.01.07-09.48.43:430][  1]LogModuleManager: Shutting down and abandoning module ProjectLauncher (396)
[2018.01.07-09.48.43:467][  1]LogModuleManager: Shutting down and abandoning module SessionFrontend (394)
[2018.01.07-09.48.43:496][  1]LogModuleManager: Shutting down and abandoning module ProfilerClient (392)
[2018.01.07-09.48.43:528][  1]LogModuleManager: Shutting down and abandoning module DeviceManager (390)
[2018.01.07-09.48.43:589][  1]LogModuleManager: Shutting down and abandoning module TargetDeviceServices (389)
[2018.01.07-09.48.43:690][  1]LogModuleManager: Shutting down and abandoning module AutomationController (386)
[2018.01.07-09.48.43:718][  1]LogModuleManager: Shutting down and abandoning module AutomationWindow (384)
[2018.01.07-09.48.43:778][  1]LogModuleManager: Shutting down and abandoning module Layers (382)
[2018.01.07-09.48.43:822][  1]LogModuleManager: Shutting down and abandoning module ComponentVisualizers (380)
[2018.01.07-09.48.43:822][  1]LogModuleManager: Shutting down and abandoning module DetailCustomizations (378)
[2018.01.07-09.48.43:949][  1]LogModuleManager: Shutting down and abandoning module PackagesDialog (376)
[2018.01.07-09.48.43:962][  1]LogModuleManager: Shutting down and abandoning module Persona (374)
[2018.01.07-09.48.44:024][  1]LogModuleManager: Shutting down and abandoning module AdvancedPreviewScene (373)
[2018.01.07-09.48.44:024][  1]LogModuleManager: Shutting down and abandoning module AnimGraph (371)
[2018.01.07-09.48.44:024][  1]LogModuleManager: Shutting down and abandoning module Kismet (368)
[2018.01.07-09.48.44:040][  1]LogModuleManager: Shutting down and abandoning module ClassViewer (366)
[2018.01.07-09.48.44:040][  1]LogModuleManager: Shutting down and abandoning module Toolbox (364)
[2018.01.07-09.48.44:061][  1]LogModuleManager: Shutting down and abandoning module ModuleUI (362)
[2018.01.07-09.48.44:089][  1]LogModuleManager: Shutting down and abandoning module MovieSceneTools (360)
[2018.01.07-09.48.44:131][  1]LogModuleManager: Shutting down and abandoning module OutputLog (358)
[2018.01.07-09.48.44:151][  1]LogModuleManager: Shutting down and abandoning module GammaUI (356)
[2018.01.07-09.48.44:164][  1]LogModuleManager: Shutting down and abandoning module Documentation (354)
[2018.01.07-09.48.44:164][  1]LogModuleManager: Shutting down and abandoning module MovieSceneTracks (352)
[2018.01.07-09.48.44:164][  1]LogModuleManager: Shutting down and abandoning module MovieScene (350)
[2018.01.07-09.48.44:164][  1]LogModuleManager: Shutting down and abandoning module Niagara (348)
[2018.01.07-09.48.44:164][  1]LogModuleManager: Shutting down and abandoning module NiagaraEditor (347)
[2018.01.07-09.48.44:302][  1]LogModuleManager: Shutting down and abandoning module StreamingPauseRendering (344)
[2018.01.07-09.48.44:302][  1]LogModuleManager: Shutting down and abandoning module AnalyticsET (342)
[2018.01.07-09.48.44:302][  1]LogModuleManager: Shutting down and abandoning module PortalServices (340)
[2018.01.07-09.48.44:302][  1]LogModuleManager: Shutting down and abandoning module PortalRpc (338)
[2018.01.07-09.48.44:302][  1]LogModuleManager: Shutting down and abandoning module MessagingRpc (336)
[2018.01.07-09.48.44:302][  1]LogModuleManager: Shutting down and abandoning module AIModule (334)
[2018.01.07-09.48.44:302][  1]LogModuleManager: Shutting down and abandoning module GameplayDebugger (333)
[2018.01.07-09.48.44:349][  1]LogModuleManager: Shutting down and abandoning module AITestSuite (331)
[2018.01.07-09.48.44:359][  1]LogModuleManager: Shutting down and abandoning module ProfilerService (328)
[2018.01.07-09.48.44:497][  1]LogModuleManager: Shutting down and abandoning module TaskGraph (326)
[2018.01.07-09.48.44:533][  1]LogModuleManager: Shutting down and abandoning module SteamVRController (324)
[2018.01.07-09.48.44:533][  1]LogModuleManager: Shutting down and abandoning module SteamVR (322)
[2018.01.07-09.48.44:533][  1]LogModuleManager: Shutting down and abandoning module ProceduralMeshComponentEditor (320)
[2018.01.07-09.48.44:533][  1]LogModuleManager: Shutting down and abandoning module ProceduralMeshComponent (318)
[2018.01.07-09.48.44:574][  1]LogModuleManager: Shutting down and abandoning module OculusLibrary (316)
[2018.01.07-09.48.44:574][  1]LogModuleManager: Shutting down and abandoning module OculusInput (314)
[2018.01.07-09.48.44:574][  1]LogModuleManager: Shutting down and abandoning module MobilePatchingUtils (312)
[2018.01.07-09.48.44:574][  1]LogModuleManager: Shutting down and abandoning module CustomMeshComponent (310)
[2018.01.07-09.48.44:574][  1]LogModuleManager: Shutting down and abandoning module CableComponent (308)
[2018.01.07-09.48.44:584][  1]LogModuleManager: Shutting down and abandoning module ArchVisCharacter (306)
[2018.01.07-09.48.44:584][  1]LogModuleManager: Shutting down and abandoning module AndroidPermission (304)
[2018.01.07-09.48.44:584][  1]LogModuleManager: Shutting down and abandoning module MediaPlayerEditor (300)
[2018.01.07-09.48.44:612][  1]LogModuleManager: Shutting down and abandoning module HTML5Networking (298)
[2018.01.07-09.48.44:612][  1]LogModuleManager: Shutting down and abandoning module AlembicImporter (296)
[2018.01.07-09.48.44:620][  1]LogModuleManager: Shutting down and abandoning module AlembicLibrary (295)
[2018.01.07-09.48.44:620][  1]LogModuleManager: Shutting down and abandoning module GeometryCache (294)
[2018.01.07-09.48.44:638][  1]LogModuleManager: Shutting down and abandoning module GeometryCacheEd (293)
[2018.01.07-09.48.44:638][  1]LogModuleManager: Shutting down and abandoning module SuperSearchEditor (288)
[2018.01.07-09.48.44:638][  1]LogModuleManager: Shutting down and abandoning module SuperSearch (287)
[2018.01.07-09.48.44:638][  1]LogModuleManager: Shutting down and abandoning module SpeedTreeImporter (284)
[2018.01.07-09.48.44:638][  1]LogModuleManager: Shutting down and abandoning module PluginBrowser (282)
[2018.01.07-09.48.44:679][  1]LogModuleManager: Shutting down and abandoning module MobileLauncherProfileWizard (280)
[2018.01.07-09.48.44:710][  1]LogModuleManager: Shutting down and abandoning module VisualStudioSourceCodeAccess (278)
[2018.01.07-09.48.44:710][  1]LogModuleManager: Shutting down and abandoning module DesktopPlatform (277)
[2018.01.07-09.48.44:710][  1]LogModuleManager: Shutting down and abandoning module UObjectPlugin (274)
[2018.01.07-09.48.44:710][  1]LogModuleManager: Shutting down and abandoning module SubversionSourceControl (272)
[2018.01.07-09.48.44:723][  1]LogModuleManager: Shutting down and abandoning module PerforceSourceControl (270)
[2018.01.07-09.48.44:744][  1]LogModuleManager: Shutting down and abandoning module GitSourceControl (268)
[2018.01.07-09.48.44:763][  1]LogModuleManager: Shutting down and abandoning module SourceControl (267)
[2018.01.07-09.48.44:789][  1]LogModuleManager: Shutting down and abandoning module LightPropagationVolumeEditor (264)
[2018.01.07-09.48.44:789][  1]LogModuleManager: Shutting down and abandoning module PaperTiledImporter (262)
[2018.01.07-09.48.44:789][  1]LogModuleManager: Shutting down and abandoning module PaperSpriteSheetImporter (260)
[2018.01.07-09.48.44:789][  1]LogModuleManager: Shutting down and abandoning module Paper2DEditor (258)
[2018.01.07-09.48.44:833][  1]LogModuleManager: Shutting down and abandoning module MeshPaint (257)
[2018.01.07-09.48.44:872][  1]LogModuleManager: Shutting down and abandoning module LevelEditor (255)
[2018.01.07-09.48.44:903][  1]LogModuleManager: Shutting down and abandoning module PixelInspectorModule (254)
[2018.01.07-09.48.44:933][  1]LogModuleManager: Shutting down and abandoning module MainFrame (252)
[2018.01.07-09.48.44:953][  1]LogModuleManager: Shutting down and abandoning module HotReload (251)
[2018.01.07-09.48.45:018][  1]LogModuleManager: Shutting down and abandoning module PhysXVehiclesEditor (246)
[2018.01.07-09.48.45:036][  1]LogModuleManager: Shutting down and abandoning module PhysXVehicles (244)
[2018.01.07-09.48.45:036][  1]LogModuleManager: Shutting down and abandoning module LocationServicesBPLibrary (242)
[2018.01.07-09.48.45:036][  1]LogModuleManager: Shutting down and abandoning module ImmediatePhysicsEditor (240)
[2018.01.07-09.48.45:036][  1]LogModuleManager: Shutting down and abandoning module ImmediatePhysics (238)
[2018.01.07-09.48.45:071][  1]LogModuleManager: Shutting down and abandoning module UdpMessaging (236)
[2018.01.07-09.48.45:171][  1]LogModuleManager: Shutting down and abandoning module TcpMessaging (234)
[2018.01.07-09.48.45:294][  1]LogModuleManager: Shutting down and abandoning module GameplayTagsEditor (232)
[2018.01.07-09.48.45:367][  1]LogModuleManager: Shutting down and abandoning module FacialAnimationEditor (230)
[2018.01.07-09.48.45:367][  1]LogModuleManager: Shutting down and abandoning module FacialAnimation (228)
[2018.01.07-09.48.45:367][  1]LogModuleManager: Shutting down and abandoning module AssetManagerEditor (226)
[2018.01.07-09.48.45:405][  1]LogModuleManager: Shutting down and abandoning module GraphEditor (225)
[2018.01.07-09.48.45:535][  1]LogModuleManager: Shutting down and abandoning module ContentBrowser (223)
[2018.01.07-09.48.45:538][  1]LogModuleManager: Shutting down and abandoning module LightPropagationVolumeRuntime (220)
[2018.01.07-09.48.45:538][  1]LogModuleManager: Shutting down and abandoning module Paper2D (218)
[2018.01.07-09.48.45:554][  1]LogModuleManager: Shutting down and abandoning module WindowsMoviePlayer (216)
[2018.01.07-09.48.45:554][  1]LogModuleManager: Shutting down and abandoning module WmfMedia (214)
[2018.01.07-09.48.45:557][  1]LogModuleManager: Shutting down and abandoning module ClothingSystemEditor (212)
[2018.01.07-09.48.45:557][  1]LogModuleManager: Shutting down and abandoning module ClothingSystemRuntime (210)
[2018.01.07-09.48.45:587][  1]LogModuleManager: Shutting down and abandoning module MediaAssets (208)
[2018.01.07-09.48.45:587][  1]LogModuleManager: Shutting down and abandoning module GameLiveStreaming (206)
[2018.01.07-09.48.45:602][  1]LogModuleManager: Shutting down and abandoning module VREditor (204)
[2018.01.07-09.48.45:626][  1]LogModuleManager: Shutting down and abandoning module StringTableEditor (202)
[2018.01.07-09.48.45:683][  1]LogModuleManager: Shutting down and abandoning module GameplayTasksEditor (200)
[2018.01.07-09.48.45:683][  1]LogModuleManager: Shutting down and abandoning module BehaviorTreeEditor (198)
[2018.01.07-09.48.45:821][  1]LogModuleManager: Shutting down and abandoning module FunctionalTesting (196)
[2018.01.07-09.48.45:821][  1]LogModuleManager: Shutting down and abandoning module CollisionAnalyzer (194)
[2018.01.07-09.48.45:901][  1]LogModuleManager: Shutting down and abandoning module UMG (192)
[2018.01.07-09.48.46:009][  1]LogModuleManager: Shutting down and abandoning module UMGEditor (191)
[2018.01.07-09.48.46:168][  1]LogModuleManager: Shutting down and abandoning module Sequencer (190)
[2018.01.07-09.48.46:354][  1]LogModuleManager: Shutting down and abandoning module AssetTools (188)
[2018.01.07-09.48.46:482][  1]LogModuleManager: Shutting down and abandoning module MessageLog (187)
[2018.01.07-09.48.46:482][  1]LogModuleManager: Shutting down and abandoning module WorkspaceMenuStructure (186)
[2018.01.07-09.48.46:482][  1]LogModuleManager: Shutting down and abandoning module SlateReflector (180)
[2018.01.07-09.48.46:563][  1]LogModuleManager: Shutting down and abandoning module Slate (178)
[2018.01.07-09.48.46:563][  1]LogModuleManager: Shutting down and abandoning module EditorStyle (176)
[2018.01.07-09.48.46:590][  1]LogModuleManager: Shutting down and abandoning module SourceCodeAccess (174)
[2018.01.07-09.48.46:590][  1]LogModuleManager: Shutting down and abandoning module HeadMountedDisplay (172)
[2018.01.07-09.48.46:590][  1]LogModuleManager: Shutting down and abandoning module XAudio2 (170)
[2018.01.07-09.48.46:590][  1]LogModuleManager: Shutting down and abandoning module Networking (168)
[2018.01.07-09.48.46:590][  1]LogModuleManager: Shutting down and abandoning module Core (164)
[2018.01.07-09.48.46:590][  1]LogModuleManager: Shutting down and abandoning module AssetRegistry (162)
[2018.01.07-09.48.46:652][  1]LogAssetRegistry:Error: Failed to open file for write ../../../../../UnrealProjects/AIProject2/Intermediate/CachedAssetRegistry.bin
[2018.01.07-09.48.46:652][  1]LogDirectoryWatcher: A directory notification for '../../../Engine/Content/' was aborted.
[2018.01.07-09.48.46:652][  1]LogDirectoryWatcher: A directory notification for '../../../../../UnrealProjects/AIProject2/Content/' was aborted.
[2018.01.07-09.48.46:652][  1]LogDirectoryWatcher: A directory notification for '../../../Engine/Plugins/2D/Paper2D/Content/' was aborted.
[2018.01.07-09.48.46:652][  1]LogDirectoryWatcher: A directory notification for '../../../Engine/Plugins/Runtime/GearVR/Content/' was aborted.
[2018.01.07-09.48.46:784][  1]LogModuleManager: Shutting down and abandoning module DirectoryWatcher (161)
[2018.01.07-09.48.46:785][  1]LogModuleManager: Shutting down and abandoning module KismetCompiler (158)
[2018.01.07-09.48.46:785][  1]LogModuleManager: Shutting down and abandoning module LevelSequence (156)
[2018.01.07-09.48.46:785][  1]LogModuleManager: Shutting down and abandoning module PhysXFormats (154)
[2018.01.07-09.48.46:785][  1]LogModuleManager: Shutting down and abandoning module MeshUtilities (152)
[2018.01.07-09.48.46:864][  1]LogModuleManager: Shutting down and abandoning module SimplygonSwarm (151)
[2018.01.07-09.48.46:890][  1]LogModuleManager: Shutting down and abandoning module SimplygonMeshReduction (149)
[2018.01.07-09.48.46:890][  1]LogModuleManager: Shutting down and abandoning module QuadricMeshReduction (147)
[2018.01.07-09.48.46:940][  1]LogModuleManager: Shutting down and abandoning module DerivedDataCache (144)
[2018.01.07-09.48.46:964][  1]LogDerivedDataCache: Shutdown
[2018.01.07-09.48.46:995][  1]LogModuleManager: Shutting down and abandoning module TargetPlatform (142)
[2018.01.07-09.48.46:995][  1]LogModuleManager: Shutting down and abandoning module VulkanShaderFormat (141)
[2018.01.07-09.48.47:013][  1]LogModuleManager: Shutting down and abandoning module ShaderFormatVectorVM (139)
[2018.01.07-09.48.47:025][  1]LogModuleManager: Shutting down and abandoning module ShaderFormatOpenGL (137)
[2018.01.07-09.48.47:042][  1]LogModuleManager: Shutting down and abandoning module ShaderFormatD3D (135)
[2018.01.07-09.48.47:072][  1]LogModuleManager: Shutting down and abandoning module MetalShaderFormat (133)
[2018.01.07-09.48.47:137][  1]LogModuleManager: Shutting down and abandoning module TextureFormatUncompressed (131)
[2018.01.07-09.48.47:137][  1]LogModuleManager: Shutting down and abandoning module TextureFormatPVR (129)
[2018.01.07-09.48.47:137][  1]LogModuleManager: Shutting down and abandoning module TextureFormatDXT (127)
[2018.01.07-09.48.47:153][  1]LogModuleManager: Shutting down and abandoning module TextureFormatIntelISPCTexComp (125)
[2018.01.07-09.48.47:167][  1]LogModuleManager: Shutting down and abandoning module TextureFormatASTC (123)
[2018.01.07-09.48.47:167][  1]LogModuleManager: Shutting down and abandoning module ImageWrapper (122)
[2018.01.07-09.48.47:167][  1]LogModuleManager: Shutting down and abandoning module TextureFormatAndroid (119)
[2018.01.07-09.48.47:167][  1]LogModuleManager: Shutting down and abandoning module AudioFormatOpus (117)
[2018.01.07-09.48.47:167][  1]LogModuleManager: Shutting down and abandoning module AudioFormatOgg (115)
[2018.01.07-09.48.47:167][  1]LogModuleManager: Shutting down and abandoning module AudioFormatADPCM (113)
[2018.01.07-09.48.47:167][  1]LogModuleManager: Shutting down and abandoning module LinuxTargetPlatform (111)
[2018.01.07-09.48.47:167][  1]LogModuleManager: Shutting down and abandoning module LinuxServerTargetPlatform (109)
[2018.01.07-09.48.47:167][  1]LogModuleManager: Shutting down and abandoning module LinuxNoEditorTargetPlatform (107)
[2018.01.07-09.48.47:167][  1]LogModuleManager: Shutting down and abandoning module LinuxClientTargetPlatform (105)
[2018.01.07-09.48.47:167][  1]LogModuleManager: Shutting down and abandoning module TVOSTargetPlatform (103)
[2018.01.07-09.48.47:167][  1]LogModuleManager: Shutting down and abandoning module Messaging (101)
[2018.01.07-09.48.47:167][  1]LogModuleManager: Shutting down and abandoning module IOSTargetPlatform (99)
[2018.01.07-09.48.47:167][  1]LogModuleManager: Shutting down and abandoning module HTML5TargetPlatform (97)
[2018.01.07-09.48.47:167][  1]LogModuleManager: Shutting down and abandoning module Android_PVRTCTargetPlatform (95)
[2018.01.07-09.48.47:194][  1]LogModuleManager: Shutting down and abandoning module Android_MultiTargetPlatform (93)
[2018.01.07-09.48.47:194][  1]LogModuleManager: Shutting down and abandoning module Android_ETC2TargetPlatform (91)
[2018.01.07-09.48.47:223][  1]LogModuleManager: Shutting down and abandoning module Android_ETC1TargetPlatform (89)
[2018.01.07-09.48.47:249][  1]LogModuleManager: Shutting down and abandoning module Android_DXTTargetPlatform (87)
[2018.01.07-09.48.47:279][  1]LogModuleManager: Shutting down and abandoning module Android_ATCTargetPlatform (85)
[2018.01.07-09.48.47:285][  1]LogModuleManager: Shutting down and abandoning module Android_ASTCTargetPlatform (83)
[2018.01.07-09.48.47:285][  1]LogModuleManager: Shutting down and abandoning module AndroidTargetPlatform (81)
[2018.01.07-09.48.47:316][  1]LogModuleManager: Shutting down and abandoning module WindowsTargetPlatform (79)
[2018.01.07-09.48.47:316][  1]LogModuleManager: Shutting down and abandoning module WindowsServerTargetPlatform (77)
[2018.01.07-09.48.47:316][  1]LogModuleManager: Shutting down and abandoning module WindowsNoEditorTargetPlatform (75)
[2018.01.07-09.48.47:316][  1]LogModuleManager: Shutting down and abandoning module WindowsClientTargetPlatform (73)
[2018.01.07-09.48.47:316][  1]LogModuleManager: Shutting down and abandoning module MacTargetPlatform (71)
[2018.01.07-09.48.47:316][  1]LogModuleManager: Shutting down and abandoning module MacServerTargetPlatform (69)
[2018.01.07-09.48.47:316][  1]LogModuleManager: Shutting down and abandoning module MacNoEditorTargetPlatform (67)
[2018.01.07-09.48.47:316][  1]LogModuleManager: Shutting down and abandoning module MacClientTargetPlatform (65)
[2018.01.07-09.48.47:316][  1]LogModuleManager: Shutting down and abandoning module AllDesktopTargetPlatform (63)
[2018.01.07-09.48.47:316][  1]LogModuleManager: Shutting down and abandoning module InputCore (60)
[2018.01.07-09.48.47:316][  1]LogModuleManager: Shutting down and abandoning module Settings (58)
[2018.01.07-09.48.47:316][  1]LogModuleManager: Shutting down and abandoning module OculusRift (56)
[2018.01.07-09.48.47:348][  1]LogModuleManager: Shutting down and abandoning module GearVRController (54)
[2018.01.07-09.48.47:348][  1]LogModuleManager: Shutting down and abandoning module GearVR (52)
[2018.01.07-09.48.47:398][  1]LogModuleManager: Shutting down and abandoning module ExampleDeviceProfileSelector (50)
[2018.01.07-09.48.47:399][  1]LogModuleManager: Shutting down and abandoning module OnlineBlueprintSupport (48)
[2018.01.07-09.48.47:399][  1]LogModuleManager: Shutting down and abandoning module OnlineSubsystem (44)
[2018.01.07-09.48.47:399][  1]LogOnline:Display: Unloading online subsystem: NULL
[2018.01.07-09.48.47:454][  1]LogModuleManager: Shutting down and abandoning module XMPP (43)
[2018.01.07-09.48.47:490][  1]LogModuleManager: Shutting down and abandoning module HTTP (41)
[2018.01.07-09.48.47:490][  1]LogHttp:Display: Http module shutting down, but needs to wait on 1 outstanding Http requests:
[2018.01.07-09.48.47:490][  1]LogHttp:Display: 	verb=[POST] url=[https://datarouter.ol.epicgames.com/datarouter/api/v1/public/data?SessionID=%7B7C9C8C86-44D2-A28F-5826-1C8A764D541C%7D&AppID=UEEditor.Rocket.Release&AppVersion=4.16.3-3561208%2B%2B%2BUE4%2BRelease-4.16&UserID=16037aa04b436b14d3c486aa3748c864%7Cc12d5b7860224837bd6382fa9037e925%7C5efc2fbd-7b48-4a04-869d-5c078ed9108b&AppEnvironment=datacollector-binary&UploadType=eteventstream] status=Processing
[2018.01.07-09.48.47:530][  1]LogModuleManager: Shutting down and abandoning module SSL (40)
[2018.01.07-09.48.47:559][  1]LogModuleManager: Shutting down and abandoning module HTTPChunkInstaller (36)
[2018.01.07-09.48.47:578][  1]LogModuleManager: Shutting down and abandoning module AnimationModifiers (34)
[2018.01.07-09.48.47:608][  1]LogModuleManager: Shutting down and abandoning module PropertyEditor (33)
[2018.01.07-09.48.47:639][  1]LogModuleManager: Shutting down and abandoning module AudioEditor (30)
[2018.01.07-09.48.47:698][  1]LogModuleManager: Shutting down and abandoning module TextureCompressor (28)
[2018.01.07-09.48.47:699][  1]LogModuleManager: Shutting down and abandoning module ShaderCore (26)
[2018.01.07-09.48.47:699][  1]LogModuleManager: Shutting down and abandoning module Landscape (24)
[2018.01.07-09.48.47:699][  1]LogModuleManager: Shutting down and abandoning module SlateRHIRenderer (22)
[2018.01.07-09.48.47:720][  1]LogModuleManager: Shutting down and abandoning module OpenGLDrv (20)
[2018.01.07-09.48.47:749][  1]LogModuleManager: Shutting down and abandoning module D3D11RHI (18)
[2018.01.07-09.48.47:749][  1]LogModuleManager: Shutting down and abandoning module AnimGraphRuntime (16)
[2018.01.07-09.48.47:764][  1]LogModuleManager: Shutting down and abandoning module Renderer (14)
[2018.01.07-09.48.47:764][  1]LogModuleManager: Shutting down and abandoning module Engine (12)
[2018.01.07-09.48.47:764][  1]LogModuleManager: Shutting down and abandoning module CoreUObject (10)
[2018.01.07-09.48.47:764][  1]LogModuleManager: Shutting down and abandoning module NetworkFile (8)
[2018.01.07-09.48.47:764][  1]LogModuleManager: Shutting down and abandoning module StreamingFile (6)
[2018.01.07-09.48.47:764][  1]LogModuleManager: Shutting down and abandoning module SandboxFile (4)
[2018.01.07-09.48.47:764][  1]LogModuleManager: Shutting down and abandoning module PakFile (2)
[2018.01.07-09.48.47:865][  1]LogExit: Exiting.
[2018.01.07-09.48.47:885][  1]Log file closed, 01/07/18 02:48:47
